2024-02-27 12:52:48,075 [Worker-6: Loading available Gradle versions] INFO  o.e.b.c.i.u.g.PublishedGradleVersions - Gradle version information cache is up-to-date. Trying to read.
2024-02-27 13:03:25,076 [Worker-12: Launching mavenrun-cda7674a-d5bf-494c-8096-83585ecaed78] INFO  o.e.m.i.launch.MavenLaunchDelegate - E:\GitRepo\CurrentWorkspace\Codingbasics
2024-02-27 13:03:25,110 [Worker-12: Launching mavenrun-cda7674a-d5bf-494c-8096-83585ecaed78] INFO  o.e.m.i.launch.MavenLaunchDelegate -  mvn -DarchetypeVersion=1.4 -Dpackage=PracticePrograms -DarchetypeGroupId=org.apache.maven.archetypes -DarchetypeArtifactId=maven-archetype-quickstart -DgroupId=PracticePrograms -DartifactId=ActitimeAutomation -DoutputDirectory=E:\GitRepo\CurrentWorkspace\Codingbasics -Dversion=0.0.1-SNAPSHOT -Dstyle.color=always -U archetype:generate
2024-02-27 13:04:13,219 [Worker-15: Creating maven-archetype-quickstart] INFO  o.e.m.c.i.p.ProjectConfigurationManager - Collecting project info '/pom.xml' E:\GitRepo\CurrentWorkspace\Codingbasics\ActitimeAutomation\pom.xml
2024-02-27 13:04:18,778 [Worker-15: Creating maven-archetype-quickstart] INFO  o.e.m.c.i.l.LifecycleMappingFactory - Using org.eclipse.m2e.jdt.JarLifecycleMapping lifecycle mapping for MavenProject: PracticePrograms:ActitimeAutomation:0.0.1-SNAPSHOT @ E:\GitRepo\CurrentWorkspace\Codingbasics\ActitimeAutomation\pom.xml.
2024-02-27 13:04:20,813 [Worker-15: Creating maven-archetype-quickstart] INFO  o.e.m.j.i.AbstractJavaProjectConfigurator - Adding source folder /ActitimeAutomation/src/main/java
2024-02-27 13:04:20,824 [Worker-15: Creating maven-archetype-quickstart] INFO  o.e.m.j.i.AbstractJavaProjectConfigurator - Adding source folder /ActitimeAutomation/src/test/java
2024-02-27 13:04:21,456 [Worker-15: Creating maven-archetype-quickstart] INFO  o.e.m.c.i.p.ProjectConfigurationManager - Imported and configured 1 project(s) in 8 sec
2024-02-27 13:04:23,546 [Worker-16: Building] INFO  o.e.m.c.i.embedder.EclipseLogger - Using 'UTF-8' encoding to copy filtered resources.
2024-02-27 13:04:23,546 [Worker-16: Building] INFO  o.e.m.c.i.embedder.EclipseLogger - skip non existing resourceDirectory E:\GitRepo\CurrentWorkspace\Codingbasics\ActitimeAutomation\src\main\resources
2024-02-27 13:04:23,551 [Worker-16: Building] INFO  o.e.m.c.i.embedder.EclipseLogger - Using 'UTF-8' encoding to copy filtered resources.
2024-02-27 13:04:23,551 [Worker-16: Building] INFO  o.e.m.c.i.embedder.EclipseLogger - skip non existing resourceDirectory E:\GitRepo\CurrentWorkspace\Codingbasics\ActitimeAutomation\src\test\resources
2024-02-27 16:01:52,864 [Worker-23: Building] INFO  o.e.m.c.i.l.LifecycleMappingFactory - Using org.eclipse.m2e.jdt.JarLifecycleMapping lifecycle mapping for MavenProject: PracticePrograms:ActitimeAutomation:0.0.1-SNAPSHOT @ E:\GitRepo\CurrentWorkspace\Codingbasics\ActitimeAutomation\pom.xml.
2024-02-27 16:01:54,070 [Worker-23: Building] INFO  o.e.m.c.i.embedder.EclipseLogger - Using 'UTF-8' encoding to copy filtered resources.
2024-02-27 16:01:54,071 [Worker-23: Building] INFO  o.e.m.c.i.embedder.EclipseLogger - skip non existing resourceDirectory E:\GitRepo\CurrentWorkspace\Codingbasics\ActitimeAutomation\src\main\resources
2024-02-27 16:01:54,075 [Worker-23: Building] INFO  o.e.m.c.i.embedder.EclipseLogger - Using 'UTF-8' encoding to copy filtered resources.
2024-02-27 16:01:54,075 [Worker-23: Building] INFO  o.e.m.c.i.embedder.EclipseLogger - skip non existing resourceDirectory E:\GitRepo\CurrentWorkspace\Codingbasics\ActitimeAutomation\src\test\resources
2024-02-27 16:01:56,051 [Worker-25: Building] INFO  o.e.m.c.i.embedder.EclipseLogger - Using 'UTF-8' encoding to copy filtered resources.
2024-02-27 16:01:56,052 [Worker-25: Building] INFO  o.e.m.c.i.embedder.EclipseLogger - skip non existing resourceDirectory E:\GitRepo\CurrentWorkspace\Codingbasics\ActitimeAutomation\src\main\resources
2024-02-27 16:01:56,055 [Worker-25: Building] INFO  o.e.m.c.i.embedder.EclipseLogger - Using 'UTF-8' encoding to copy filtered resources.
2024-02-27 16:01:56,056 [Worker-25: Building] INFO  o.e.m.c.i.embedder.EclipseLogger - skip non existing resourceDirectory E:\GitRepo\CurrentWorkspace\Codingbasics\ActitimeAutomation\src\test\resources
2024-02-27 16:03:27,763 [Worker-23: Building] INFO  o.e.m.c.i.embedder.EclipseLogger - Using 'UTF-8' encoding to copy filtered resources.
2024-02-27 16:03:27,771 [Worker-23: Building] INFO  o.e.m.c.i.embedder.EclipseLogger - skip non existing resourceDirectory E:\GitRepo\CurrentWorkspace\Codingbasics\ActitimeAutomation\src\main\resources
2024-02-27 16:03:27,778 [Worker-23: Building] INFO  o.e.m.c.i.embedder.EclipseLogger - Using 'UTF-8' encoding to copy filtered resources.
2024-02-27 16:03:27,779 [Worker-23: Building] INFO  o.e.m.c.i.embedder.EclipseLogger - skip non existing resourceDirectory E:\GitRepo\CurrentWorkspace\Codingbasics\ActitimeAutomation\src\test\resources
2024-02-27 16:03:37,713 [Worker-25: Building] INFO  o.e.m.c.i.embedder.EclipseLogger - Using 'UTF-8' encoding to copy filtered resources.
2024-02-27 16:03:37,713 [Worker-25: Building] INFO  o.e.m.c.i.embedder.EclipseLogger - skip non existing resourceDirectory E:\GitRepo\CurrentWorkspace\Codingbasics\ActitimeAutomation\src\main\resources
2024-02-27 16:03:37,717 [Worker-25: Building] INFO  o.e.m.c.i.embedder.EclipseLogger - Using 'UTF-8' encoding to copy filtered resources.
2024-02-27 16:03:37,717 [Worker-25: Building] INFO  o.e.m.c.i.embedder.EclipseLogger - skip non existing resourceDirectory E:\GitRepo\CurrentWorkspace\Codingbasics\ActitimeAutomation\src\test\resources
2024-02-27 16:03:56,704 [Worker-25: Building] INFO  o.e.m.c.i.embedder.EclipseLogger - Using 'UTF-8' encoding to copy filtered resources.
2024-02-27 16:03:56,704 [Worker-25: Building] INFO  o.e.m.c.i.embedder.EclipseLogger - skip non existing resourceDirectory E:\GitRepo\CurrentWorkspace\Codingbasics\ActitimeAutomation\src\main\resources
2024-02-27 16:03:56,707 [Worker-25: Building] INFO  o.e.m.c.i.embedder.EclipseLogger - Using 'UTF-8' encoding to copy filtered resources.
2024-02-27 16:03:56,707 [Worker-25: Building] INFO  o.e.m.c.i.embedder.EclipseLogger - skip non existing resourceDirectory E:\GitRepo\CurrentWorkspace\Codingbasics\ActitimeAutomation\src\test\resources
2024-02-27 16:04:10,528 [Worker-23: Building] INFO  o.e.m.c.i.embedder.EclipseLogger - Using 'UTF-8' encoding to copy filtered resources.
2024-02-27 16:04:10,528 [Worker-23: Building] INFO  o.e.m.c.i.embedder.EclipseLogger - skip non existing resourceDirectory E:\GitRepo\CurrentWorkspace\Codingbasics\ActitimeAutomation\src\main\resources
2024-02-27 16:04:10,536 [Worker-23: Building] INFO  o.e.m.c.i.embedder.EclipseLogger - Using 'UTF-8' encoding to copy filtered resources.
2024-02-27 16:04:10,539 [Worker-23: Building] INFO  o.e.m.c.i.embedder.EclipseLogger - skip non existing resourceDirectory E:\GitRepo\CurrentWorkspace\Codingbasics\ActitimeAutomation\src\test\resources
2024-02-27 16:04:42,467 [Worker-23: Building] INFO  o.e.m.c.i.embedder.EclipseLogger - Using 'UTF-8' encoding to copy filtered resources.
2024-02-27 16:04:42,467 [Worker-23: Building] INFO  o.e.m.c.i.embedder.EclipseLogger - skip non existing resourceDirectory E:\GitRepo\CurrentWorkspace\Codingbasics\ActitimeAutomation\src\main\resources
2024-02-27 16:04:42,472 [Worker-23: Building] INFO  o.e.m.c.i.embedder.EclipseLogger - Using 'UTF-8' encoding to copy filtered resources.
2024-02-27 16:04:42,472 [Worker-23: Building] INFO  o.e.m.c.i.embedder.EclipseLogger - skip non existing resourceDirectory E:\GitRepo\CurrentWorkspace\Codingbasics\ActitimeAutomation\src\test\resources
2024-02-27 16:04:46,766 [Worker-25: Building] INFO  o.e.m.c.i.embedder.EclipseLogger - Using 'UTF-8' encoding to copy filtered resources.
2024-02-27 16:04:46,766 [Worker-25: Building] INFO  o.e.m.c.i.embedder.EclipseLogger - skip non existing resourceDirectory E:\GitRepo\CurrentWorkspace\Codingbasics\ActitimeAutomation\src\main\resources
2024-02-27 16:04:46,771 [Worker-25: Building] INFO  o.e.m.c.i.embedder.EclipseLogger - Using 'UTF-8' encoding to copy filtered resources.
2024-02-27 16:04:46,771 [Worker-25: Building] INFO  o.e.m.c.i.embedder.EclipseLogger - skip non existing resourceDirectory E:\GitRepo\CurrentWorkspace\Codingbasics\ActitimeAutomation\src\test\resources
2024-02-27 16:05:15,843 [Worker-23: Building] INFO  o.e.m.c.i.embedder.EclipseLogger - Using 'UTF-8' encoding to copy filtered resources.
2024-02-27 16:05:15,843 [Worker-23: Building] INFO  o.e.m.c.i.embedder.EclipseLogger - skip non existing resourceDirectory E:\GitRepo\CurrentWorkspace\Codingbasics\ActitimeAutomation\src\main\resources
2024-02-27 16:05:15,846 [Worker-23: Building] INFO  o.e.m.c.i.embedder.EclipseLogger - Using 'UTF-8' encoding to copy filtered resources.
2024-02-27 16:05:15,847 [Worker-23: Building] INFO  o.e.m.c.i.embedder.EclipseLogger - skip non existing resourceDirectory E:\GitRepo\CurrentWorkspace\Codingbasics\ActitimeAutomation\src\test\resources
2024-02-27 16:05:27,712 [Worker-23: Building] INFO  o.e.m.c.i.embedder.EclipseLogger - Using 'UTF-8' encoding to copy filtered resources.
2024-02-27 16:05:27,712 [Worker-23: Building] INFO  o.e.m.c.i.embedder.EclipseLogger - skip non existing resourceDirectory E:\GitRepo\CurrentWorkspace\Codingbasics\ActitimeAutomation\src\main\resources
2024-02-27 16:05:27,715 [Worker-23: Building] INFO  o.e.m.c.i.embedder.EclipseLogger - Using 'UTF-8' encoding to copy filtered resources.
2024-02-27 16:05:27,716 [Worker-23: Building] INFO  o.e.m.c.i.embedder.EclipseLogger - skip non existing resourceDirectory E:\GitRepo\CurrentWorkspace\Codingbasics\ActitimeAutomation\src\test\resources
2024-02-27 16:05:43,589 [Worker-27: Building] INFO  o.e.m.c.i.embedder.EclipseLogger - Using 'UTF-8' encoding to copy filtered resources.
2024-02-27 16:05:43,589 [Worker-27: Building] INFO  o.e.m.c.i.embedder.EclipseLogger - skip non existing resourceDirectory E:\GitRepo\CurrentWorkspace\Codingbasics\ActitimeAutomation\src\main\resources
2024-02-27 16:05:43,592 [Worker-27: Building] INFO  o.e.m.c.i.embedder.EclipseLogger - Using 'UTF-8' encoding to copy filtered resources.
2024-02-27 16:05:43,593 [Worker-27: Building] INFO  o.e.m.c.i.embedder.EclipseLogger - skip non existing resourceDirectory E:\GitRepo\CurrentWorkspace\Codingbasics\ActitimeAutomation\src\test\resources
2024-02-27 16:05:56,165 [Worker-25: Building] INFO  o.e.m.c.i.embedder.EclipseLogger - Using 'UTF-8' encoding to copy filtered resources.
2024-02-27 16:05:56,165 [Worker-25: Building] INFO  o.e.m.c.i.embedder.EclipseLogger - skip non existing resourceDirectory E:\GitRepo\CurrentWorkspace\Codingbasics\ActitimeAutomation\src\main\resources
2024-02-27 16:05:56,169 [Worker-25: Building] INFO  o.e.m.c.i.embedder.EclipseLogger - Using 'UTF-8' encoding to copy filtered resources.
2024-02-27 16:05:56,169 [Worker-25: Building] INFO  o.e.m.c.i.embedder.EclipseLogger - skip non existing resourceDirectory E:\GitRepo\CurrentWorkspace\Codingbasics\ActitimeAutomation\src\test\resources
2024-02-27 16:09:13,572 [Worker-30: Building] INFO  o.e.m.c.i.embedder.EclipseLogger - Using 'UTF-8' encoding to copy filtered resources.
2024-02-27 16:09:13,573 [Worker-30: Building] INFO  o.e.m.c.i.embedder.EclipseLogger - skip non existing resourceDirectory E:\GitRepo\CurrentWorkspace\Codingbasics\ActitimeAutomation\src\main\resources
2024-02-27 16:09:13,576 [Worker-30: Building] INFO  o.e.m.c.i.embedder.EclipseLogger - Using 'UTF-8' encoding to copy filtered resources.
2024-02-27 16:09:13,576 [Worker-30: Building] INFO  o.e.m.c.i.embedder.EclipseLogger - skip non existing resourceDirectory E:\GitRepo\CurrentWorkspace\Codingbasics\ActitimeAutomation\src\test\resources
2024-02-27 17:02:57,213 [Worker-20: Building] INFO  o.e.m.c.i.embedder.EclipseLogger - Using 'UTF-8' encoding to copy filtered resources.
2024-02-27 17:02:57,213 [Worker-20: Building] INFO  o.e.m.c.i.embedder.EclipseLogger - skip non existing resourceDirectory E:\GitRepo\CurrentWorkspace\Codingbasics\ActitimeAutomation\src\main\resources
2024-02-27 17:02:57,217 [Worker-20: Building] INFO  o.e.m.c.i.embedder.EclipseLogger - Using 'UTF-8' encoding to copy filtered resources.
2024-02-27 17:02:57,217 [Worker-20: Building] INFO  o.e.m.c.i.embedder.EclipseLogger - skip non existing resourceDirectory E:\GitRepo\CurrentWorkspace\Codingbasics\ActitimeAutomation\src\test\resources
2024-02-27 17:03:08,937 [Worker-32: Building] INFO  o.e.m.c.i.embedder.EclipseLogger - Using 'UTF-8' encoding to copy filtered resources.
2024-02-27 17:03:08,938 [Worker-32: Building] INFO  o.e.m.c.i.embedder.EclipseLogger - skip non existing resourceDirectory E:\GitRepo\CurrentWorkspace\Codingbasics\ActitimeAutomation\src\main\resources
2024-02-27 17:03:08,941 [Worker-32: Building] INFO  o.e.m.c.i.embedder.EclipseLogger - Using 'UTF-8' encoding to copy filtered resources.
2024-02-27 17:03:08,942 [Worker-32: Building] INFO  o.e.m.c.i.embedder.EclipseLogger - skip non existing resourceDirectory E:\GitRepo\CurrentWorkspace\Codingbasics\ActitimeAutomation\src\test\resources
2024-02-27 17:03:37,006 [Worker-32: Building] INFO  o.e.m.c.i.embedder.EclipseLogger - Using 'UTF-8' encoding to copy filtered resources.
2024-02-27 17:03:37,006 [Worker-32: Building] INFO  o.e.m.c.i.embedder.EclipseLogger - skip non existing resourceDirectory E:\GitRepo\CurrentWorkspace\Codingbasics\ActitimeAutomation\src\main\resources
2024-02-27 17:03:37,009 [Worker-32: Building] INFO  o.e.m.c.i.embedder.EclipseLogger - Using 'UTF-8' encoding to copy filtered resources.
2024-02-27 17:03:37,009 [Worker-32: Building] INFO  o.e.m.c.i.embedder.EclipseLogger - skip non existing resourceDirectory E:\GitRepo\CurrentWorkspace\Codingbasics\ActitimeAutomation\src\test\resources
2024-02-27 17:04:33,326 [Worker-32: Updating Maven Project] INFO  o.e.m.c.i.p.ProjectConfigurationManager - Update started
2024-02-27 17:04:33,895 [Worker-32: Updating Maven Project] INFO  o.e.m.c.i.l.LifecycleMappingFactory - Using org.eclipse.m2e.jdt.JarLifecycleMapping lifecycle mapping for MavenProject: PracticePrograms:ActitimeAutomation:0.0.1-SNAPSHOT @ E:\GitRepo\CurrentWorkspace\Codingbasics\ActitimeAutomation\pom.xml.
2024-02-27 17:04:35,146 [Worker-32: Updating Maven Project] INFO  o.e.m.j.i.AbstractJavaProjectConfigurator - Adding source folder /ActitimeAutomation/src/main/java
2024-02-27 17:04:35,150 [Worker-32: Updating Maven Project] INFO  o.e.m.j.i.AbstractJavaProjectConfigurator - Adding source folder /ActitimeAutomation/src/test/java
2024-02-27 17:04:35,646 [Worker-32: Updating Maven Project] INFO  o.e.m.c.i.p.ProjectConfigurationManager - Update completed: 2 sec
2024-02-27 17:04:36,225 [Worker-33: Building] INFO  o.e.m.c.i.embedder.EclipseLogger - Using 'UTF-8' encoding to copy filtered resources.
2024-02-27 17:04:36,225 [Worker-33: Building] INFO  o.e.m.c.i.embedder.EclipseLogger - skip non existing resourceDirectory E:\GitRepo\CurrentWorkspace\Codingbasics\ActitimeAutomation\src\main\resources
2024-02-27 17:04:36,229 [Worker-33: Building] INFO  o.e.m.c.i.embedder.EclipseLogger - Using 'UTF-8' encoding to copy filtered resources.
2024-02-27 17:04:36,229 [Worker-33: Building] INFO  o.e.m.c.i.embedder.EclipseLogger - skip non existing resourceDirectory E:\GitRepo\CurrentWorkspace\Codingbasics\ActitimeAutomation\src\test\resources
2024-02-27 17:05:28,613 [main] INFO  o.e.m2e.actions.ExecutePomAction - Creating new launch configuration
2024-02-27 17:05:47,576 [Worker-33: Launching ActitimeAutomation] INFO  o.e.m.i.launch.MavenLaunchDelegate - E:\GitRepo\CurrentWorkspace\Codingbasics\ActitimeAutomation
2024-02-27 17:05:47,577 [Worker-33: Launching ActitimeAutomation] INFO  o.e.m.i.launch.MavenLaunchDelegate -  mvn -B -Dstyle.color=always clean install
2024-02-27 17:07:55,242 [Worker-35: Building] INFO  o.e.m.c.i.embedder.EclipseLogger - Using 'UTF-8' encoding to copy filtered resources.
2024-02-27 17:07:55,242 [Worker-35: Building] INFO  o.e.m.c.i.embedder.EclipseLogger - skip non existing resourceDirectory E:\GitRepo\CurrentWorkspace\Codingbasics\ActitimeAutomation\src\main\resources
2024-02-27 17:07:55,244 [Worker-35: Building] INFO  o.e.m.c.i.embedder.EclipseLogger - Using 'UTF-8' encoding to copy filtered resources.
2024-02-27 17:07:55,244 [Worker-35: Building] INFO  o.e.m.c.i.embedder.EclipseLogger - skip non existing resourceDirectory E:\GitRepo\CurrentWorkspace\Codingbasics\ActitimeAutomation\src\test\resources
2024-02-27 17:08:11,145 [main] INFO  o.e.m2e.actions.ExecutePomAction - Creating new launch configuration
2024-02-27 17:08:19,887 [Worker-32: Launching ActitimeAutomation (1)] INFO  o.e.m.i.launch.MavenLaunchDelegate - E:\GitRepo\CurrentWorkspace\Codingbasics\ActitimeAutomation
2024-02-27 17:08:19,887 [Worker-32: Launching ActitimeAutomation (1)] INFO  o.e.m.i.launch.MavenLaunchDelegate -  mvn -B -Dstyle.color=always clean install
2024-02-27 17:10:05,029 [Worker-36: Building] INFO  o.e.m.c.i.embedder.EclipseLogger - Using 'UTF-8' encoding to copy filtered resources.
2024-02-27 17:10:05,029 [Worker-36: Building] INFO  o.e.m.c.i.embedder.EclipseLogger - skip non existing resourceDirectory E:\GitRepo\CurrentWorkspace\Codingbasics\ActitimeAutomation\src\main\resources
2024-02-27 17:10:05,032 [Worker-36: Building] INFO  o.e.m.c.i.embedder.EclipseLogger - Using 'UTF-8' encoding to copy filtered resources.
2024-02-27 17:10:05,033 [Worker-36: Building] INFO  o.e.m.c.i.embedder.EclipseLogger - skip non existing resourceDirectory E:\GitRepo\CurrentWorkspace\Codingbasics\ActitimeAutomation\src\test\resources
2024-02-27 17:10:36,693 [Worker-35: Building] INFO  o.e.m.c.i.embedder.EclipseLogger - Using 'UTF-8' encoding to copy filtered resources.
2024-02-27 17:10:36,693 [Worker-35: Building] INFO  o.e.m.c.i.embedder.EclipseLogger - skip non existing resourceDirectory E:\GitRepo\CurrentWorkspace\Codingbasics\ActitimeAutomation\src\main\resources
2024-02-27 17:10:36,696 [Worker-35: Building] INFO  o.e.m.c.i.embedder.EclipseLogger - Using 'UTF-8' encoding to copy filtered resources.
2024-02-27 17:10:36,696 [Worker-35: Building] INFO  o.e.m.c.i.embedder.EclipseLogger - skip non existing resourceDirectory E:\GitRepo\CurrentWorkspace\Codingbasics\ActitimeAutomation\src\test\resources
2024-02-27 17:10:55,797 [Worker-30: Building] INFO  o.e.m.c.i.embedder.EclipseLogger - Using 'UTF-8' encoding to copy filtered resources.
2024-02-27 17:10:55,797 [Worker-30: Building] INFO  o.e.m.c.i.embedder.EclipseLogger - skip non existing resourceDirectory E:\GitRepo\CurrentWorkspace\Codingbasics\ActitimeAutomation\src\main\resources
2024-02-27 17:10:55,800 [Worker-30: Building] INFO  o.e.m.c.i.embedder.EclipseLogger - Using 'UTF-8' encoding to copy filtered resources.
2024-02-27 17:10:55,800 [Worker-30: Building] INFO  o.e.m.c.i.embedder.EclipseLogger - skip non existing resourceDirectory E:\GitRepo\CurrentWorkspace\Codingbasics\ActitimeAutomation\src\test\resources
2024-02-27 17:10:56,825 [Worker-35: Building] INFO  o.e.m.c.i.embedder.EclipseLogger - Using 'UTF-8' encoding to copy filtered resources.
2024-02-27 17:10:56,825 [Worker-35: Building] INFO  o.e.m.c.i.embedder.EclipseLogger - skip non existing resourceDirectory E:\GitRepo\CurrentWorkspace\Codingbasics\ActitimeAutomation\src\main\resources
2024-02-27 17:10:56,827 [Worker-35: Building] INFO  o.e.m.c.i.embedder.EclipseLogger - Using 'UTF-8' encoding to copy filtered resources.
2024-02-27 17:10:56,827 [Worker-35: Building] INFO  o.e.m.c.i.embedder.EclipseLogger - skip non existing resourceDirectory E:\GitRepo\CurrentWorkspace\Codingbasics\ActitimeAutomation\src\test\resources
2024-02-27 17:11:05,281 [main] INFO  o.e.m2e.actions.ExecutePomAction - Creating new launch configuration
2024-02-27 17:11:14,182 [Worker-30: Launching ActitimeAutomation (2)] INFO  o.e.m.i.launch.MavenLaunchDelegate - E:\GitRepo\CurrentWorkspace\Codingbasics\ActitimeAutomation
2024-02-27 17:11:14,182 [Worker-30: Launching ActitimeAutomation (2)] INFO  o.e.m.i.launch.MavenLaunchDelegate -  mvn -B -Dstyle.color=always clean install
2024-02-27 17:12:25,020 [Worker-35: Building] INFO  o.e.m.c.i.embedder.EclipseLogger - Using 'UTF-8' encoding to copy filtered resources.
2024-02-27 17:12:25,032 [Worker-35: Building] INFO  o.e.m.c.i.embedder.EclipseLogger - skip non existing resourceDirectory E:\GitRepo\CurrentWorkspace\Codingbasics\ActitimeAutomation\src\main\resources
2024-02-27 17:12:25,035 [Worker-35: Building] INFO  o.e.m.c.i.embedder.EclipseLogger - Using 'UTF-8' encoding to copy filtered resources.
2024-02-27 17:12:25,035 [Worker-35: Building] INFO  o.e.m.c.i.embedder.EclipseLogger - skip non existing resourceDirectory E:\GitRepo\CurrentWorkspace\Codingbasics\ActitimeAutomation\src\test\resources
2024-02-27 17:12:27,412 [Worker-32: Building] INFO  o.e.m.c.i.embedder.EclipseLogger - Using 'UTF-8' encoding to copy filtered resources.
2024-02-27 17:12:27,412 [Worker-32: Building] INFO  o.e.m.c.i.embedder.EclipseLogger - skip non existing resourceDirectory E:\GitRepo\CurrentWorkspace\Codingbasics\ActitimeAutomation\src\main\resources
2024-02-27 17:12:27,417 [Worker-32: Building] INFO  o.e.m.c.i.embedder.EclipseLogger - Using 'UTF-8' encoding to copy filtered resources.
2024-02-27 17:12:27,417 [Worker-32: Building] INFO  o.e.m.c.i.embedder.EclipseLogger - skip non existing resourceDirectory E:\GitRepo\CurrentWorkspace\Codingbasics\ActitimeAutomation\src\test\resources
2024-02-27 17:12:36,417 [main] INFO  o.e.m2e.actions.ExecutePomAction - Creating new launch configuration
2024-02-27 17:12:49,131 [Worker-30: Launching ActitimeAutomation (3)] INFO  o.e.m.i.launch.MavenLaunchDelegate - E:\GitRepo\CurrentWorkspace\Codingbasics\ActitimeAutomation
2024-02-27 17:12:49,131 [Worker-30: Launching ActitimeAutomation (3)] INFO  o.e.m.i.launch.MavenLaunchDelegate -  mvn -B -Dstyle.color=always clean install
2024-02-27 17:15:45,609 [Worker-30: Building] INFO  o.e.m.c.i.embedder.EclipseLogger - Using 'UTF-8' encoding to copy filtered resources.
2024-02-27 17:15:45,609 [Worker-30: Building] INFO  o.e.m.c.i.embedder.EclipseLogger - skip non existing resourceDirectory E:\GitRepo\CurrentWorkspace\Codingbasics\ActitimeAutomation\src\main\resources
2024-02-27 17:15:45,612 [Worker-30: Building] INFO  o.e.m.c.i.embedder.EclipseLogger - Using 'UTF-8' encoding to copy filtered resources.
2024-02-27 17:15:45,613 [Worker-30: Building] INFO  o.e.m.c.i.embedder.EclipseLogger - skip non existing resourceDirectory E:\GitRepo\CurrentWorkspace\Codingbasics\ActitimeAutomation\src\test\resources
2024-02-27 17:22:10,680 [Worker-2: Loading available Gradle versions] INFO  o.e.b.c.i.u.g.PublishedGradleVersions - Gradle version information cache is up-to-date. Trying to read.
